2015-08-20 13:03:10,056 INFO  [org.springframework.web.context.ContextLoader] Root WebApplicationContext: initialization started
2015-08-20 13:03:10,089 INFO  [org.springframework.web.context.support.XmlWebApplicationContext] Refreshing Root WebApplicationContext: startup date [Thu Aug 20 13:03:10 MSK 2015]; root of context hierarchy
2015-08-20 13:03:10,126 INFO  [org.springframework.beans.factory.xml.XmlBeanDefinitionReader] Loading XML bean definitions from class path resource [spring/business-config.xml]
2015-08-20 13:03:10,724 INFO  [org.springframework.orm.jpa.LocalContainerEntityManagerFactoryBean] Building JPA container EntityManagerFactory for persistence unit 'default'
2015-08-20 13:03:10,749 INFO  [org.hibernate.jpa.internal.util.LogHelper] HHH000204: Processing PersistenceUnitInfo [
	name: default
	...]
2015-08-20 13:03:10,834 INFO  [org.hibernate.Version] HHH000412: Hibernate Core {4.3.11.Final}
2015-08-20 13:03:10,837 INFO  [org.hibernate.cfg.Environment] HHH000206: hibernate.properties not found
2015-08-20 13:03:10,839 INFO  [org.hibernate.cfg.Environment] HHH000021: Bytecode provider name : javassist
2015-08-20 13:03:11,062 INFO  [org.hibernate.annotations.common.Version] HCANN000001: Hibernate Commons Annotations {4.0.5.Final}
2015-08-20 13:03:11,373 INFO  [org.hibernate.dialect.Dialect] HHH000400: Using dialect: org.hibernate.dialect.H2Dialect
2015-08-20 13:03:11,518 INFO  [org.hibernate.hql.internal.ast.ASTQueryTranslatorFactory] HHH000397: Using ASTQueryTranslatorFactory
2015-08-20 13:03:12,033 INFO  [org.hibernate.tool.hbm2ddl.SchemaExport] HHH000227: Running hbm2ddl schema export
2015-08-20 13:03:12,065 INFO  [org.hibernate.tool.hbm2ddl.SchemaExport] HHH000230: Schema export complete
2015-08-20 13:03:12,613 INFO  [org.springframework.security.web.DefaultSecurityFilterChain] Creating filter chain: org.springframework.security.web.util.matcher.AnyRequestMatcher@1, [org.springframework.security.web.context.request.async.WebAsyncManagerIntegrationFilter@784a4f1d, org.springframework.security.web.context.SecurityContextPersistenceFilter@377a14c5, org.springframework.security.web.header.HeaderWriterFilter@4f2eaca9, org.springframework.security.web.authentication.logout.LogoutFilter@7280c1a9, org.springframework.security.web.authentication.UsernamePasswordAuthenticationFilter@7daed8d2, org.springframework.security.web.savedrequest.RequestCacheAwareFilter@17abb8, org.springframework.security.web.servletapi.SecurityContextHolderAwareRequestFilter@5e1929ff, org.springframework.security.web.authentication.AnonymousAuthenticationFilter@504a7d35, org.springframework.security.web.session.SessionManagementFilter@6c2ad632, org.springframework.security.web.access.ExceptionTranslationFilter@3ade5a5, org.springframework.security.web.access.intercept.FilterSecurityInterceptor@976763b]
2015-08-20 13:03:12,655 INFO  [org.springframework.web.context.ContextLoader] Root WebApplicationContext: initialization completed in 2598 ms
2015-08-20 13:03:29,537 INFO  [org.springframework.web.servlet.DispatcherServlet] FrameworkServlet 'mvc-dispatcher': initialization started
2015-08-20 13:03:29,547 INFO  [org.springframework.web.context.support.XmlWebApplicationContext] Refreshing WebApplicationContext for namespace 'mvc-dispatcher-servlet': startup date [Thu Aug 20 13:03:29 MSK 2015]; parent: Root WebApplicationContext
2015-08-20 13:03:29,579 INFO  [org.springframework.beans.factory.xml.XmlBeanDefinitionReader] Loading XML bean definitions from ServletContext resource [/WEB-INF/mvc-dispatcher-servlet.xml]
2015-08-20 13:03:29,717 INFO  [org.springframework.security.core.SpringSecurityCoreVersion] You are running with Spring Security Core 4.0.2.RELEASE
2015-08-20 13:03:29,720 INFO  [org.springframework.security.config.SecurityNamespaceHandler] Spring Security 'config' module version is 4.0.2.RELEASE
2015-08-20 13:03:29,737 INFO  [org.springframework.security.config.method.GlobalMethodSecurityBeanDefinitionParser] Expressions were enabled for method security but no SecurityExpressionHandler was configured. All hasPermision() expressions will evaluate to false.
2015-08-20 13:03:29,824 INFO  [org.springframework.context.support.PostProcessorRegistrationDelegate$BeanPostProcessorChecker] Bean 'org.springframework.security.access.method.MapBasedMethodSecurityMetadataSource#0' of type [class org.springframework.security.access.method.MapBasedMethodSecurityMetadataSource] is not eligible for getting processed by all BeanPostProcessors (for example: not eligible for auto-proxying)
2015-08-20 13:03:29,954 INFO  [org.springframework.context.support.PostProcessorRegistrationDelegate$BeanPostProcessorChecker] Bean 'org.springframework.security.access.expression.method.DefaultMethodSecurityExpressionHandler#0' of type [class org.springframework.security.access.expression.method.DefaultMethodSecurityExpressionHandler] is not eligible for getting processed by all BeanPostProcessors (for example: not eligible for auto-proxying)
2015-08-20 13:03:29,957 INFO  [org.springframework.context.support.PostProcessorRegistrationDelegate$BeanPostProcessorChecker] Bean '(inner bean)#4aaad136' of type [class org.springframework.security.access.expression.method.ExpressionBasedAnnotationAttributeFactory] is not eligible for getting processed by all BeanPostProcessors (for example: not eligible for auto-proxying)
2015-08-20 13:03:29,959 INFO  [org.springframework.context.support.PostProcessorRegistrationDelegate$BeanPostProcessorChecker] Bean '(inner bean)#29965e6e' of type [class org.springframework.security.access.prepost.PrePostAnnotationSecurityMetadataSource] is not eligible for getting processed by all BeanPostProcessors (for example: not eligible for auto-proxying)
2015-08-20 13:03:29,962 INFO  [org.springframework.context.support.PostProcessorRegistrationDelegate$BeanPostProcessorChecker] Bean 'org.springframework.security.access.method.DelegatingMethodSecurityMetadataSource#0' of type [class org.springframework.security.access.method.DelegatingMethodSecurityMetadataSource] is not eligible for getting processed by all BeanPostProcessors (for example: not eligible for auto-proxying)
2015-08-20 13:03:30,338 INFO  [org.springframework.web.servlet.handler.SimpleUrlHandlerMapping] Mapped URL path [/ngbp/**] onto handler 'org.springframework.web.servlet.resource.ResourceHttpRequestHandler#0'
2015-08-20 13:03:30,416 INFO  [org.springframework.web.servlet.mvc.method.annotation.RequestMappingHandlerMapping] Mapped "{[/rest/blog-entries/{blogEntryId}],methods=[DELETE]}" onto public org.springframework.http.ResponseEntity<tutorial.rest.resources.BlogEntryResource> tutorial.rest.mvc.BlogEntryController.deleteBlogEntry(java.lang.Long)
2015-08-20 13:03:30,417 INFO  [org.springframework.web.servlet.mvc.method.annotation.RequestMappingHandlerMapping] Mapped "{[/rest/blog-entries/{blogEntryId}],methods=[PUT]}" onto public org.springframework.http.ResponseEntity<tutorial.rest.resources.BlogEntryResource> tutorial.rest.mvc.BlogEntryController.updateBlogEntry(java.lang.Long,tutorial.rest.resources.BlogEntryResource)
2015-08-20 13:03:30,418 INFO  [org.springframework.web.servlet.mvc.method.annotation.RequestMappingHandlerMapping] Mapped "{[/rest/blog-entries/{blogEntryId}],methods=[GET]}" onto public org.springframework.http.ResponseEntity<tutorial.rest.resources.BlogEntryResource> tutorial.rest.mvc.BlogEntryController.getBlogEntry(java.lang.Long)
2015-08-20 13:03:30,424 INFO  [org.springframework.web.servlet.mvc.method.annotation.RequestMappingHandlerMapping] Mapped "{[/rest/accounts/{accountId}],methods=[GET]}" onto public org.springframework.http.ResponseEntity<tutorial.rest.resources.AccountResource> tutorial.rest.mvc.AccountController.getAccount(java.lang.Long)
2015-08-20 13:03:30,424 INFO  [org.springframework.web.servlet.mvc.method.annotation.RequestMappingHandlerMapping] Mapped "{[/rest/accounts],methods=[GET]}" onto public org.springframework.http.ResponseEntity<tutorial.rest.resources.AccountListResource> tutorial.rest.mvc.AccountController.findAllAccounts(java.lang.String,java.lang.String)
2015-08-20 13:03:30,425 INFO  [org.springframework.web.servlet.mvc.method.annotation.RequestMappingHandlerMapping] Mapped "{[/rest/accounts/{accountId}/blogs],methods=[POST]}" onto public org.springframework.http.ResponseEntity<tutorial.rest.resources.BlogResource> tutorial.rest.mvc.AccountController.createBlog(java.lang.Long,tutorial.rest.resources.BlogResource)
2015-08-20 13:03:30,425 INFO  [org.springframework.web.servlet.mvc.method.annotation.RequestMappingHandlerMapping] Mapped "{[/rest/accounts/{accountId}/blogs],methods=[GET]}" onto public org.springframework.http.ResponseEntity<tutorial.rest.resources.BlogListResource> tutorial.rest.mvc.AccountController.findAllBlogs(java.lang.Long)
2015-08-20 13:03:30,425 INFO  [org.springframework.web.servlet.mvc.method.annotation.RequestMappingHandlerMapping] Mapped "{[/rest/accounts],methods=[POST]}" onto public org.springframework.http.ResponseEntity<tutorial.rest.resources.AccountResource> tutorial.rest.mvc.AccountController.createAccount(tutorial.rest.resources.AccountResource)
2015-08-20 13:03:30,427 INFO  [org.springframework.web.servlet.mvc.method.annotation.RequestMappingHandlerMapping] Mapped "{[/rest/blogs/{blogId}/blog-entries],methods=[POST]}" onto public org.springframework.http.ResponseEntity<tutorial.rest.resources.BlogEntryResource> tutorial.rest.mvc.BlogController.createBlogEntry(java.lang.Long,tutorial.rest.resources.BlogEntryResource)
2015-08-20 13:03:30,427 INFO  [org.springframework.web.servlet.mvc.method.annotation.RequestMappingHandlerMapping] Mapped "{[/rest/blogs],methods=[GET]}" onto public org.springframework.http.ResponseEntity<tutorial.rest.resources.BlogListResource> tutorial.rest.mvc.BlogController.findAllBlogs()
2015-08-20 13:03:30,428 INFO  [org.springframework.web.servlet.mvc.method.annotation.RequestMappingHandlerMapping] Mapped "{[/rest/blogs/{blogId}/blog-entries]}" onto public org.springframework.http.ResponseEntity<tutorial.rest.resources.BlogEntryListResource> tutorial.rest.mvc.BlogController.findAllBlogEntries(java.lang.Long)
2015-08-20 13:03:30,428 INFO  [org.springframework.web.servlet.mvc.method.annotation.RequestMappingHandlerMapping] Mapped "{[/rest/blogs/{blogId}],methods=[GET]}" onto public org.springframework.http.ResponseEntity<tutorial.rest.resources.BlogResource> tutorial.rest.mvc.BlogController.getBlog(java.lang.Long)
2015-08-20 13:03:30,864 INFO  [org.springframework.web.servlet.mvc.method.annotation.RequestMappingHandlerAdapter] Looking for @ControllerAdvice: WebApplicationContext for namespace 'mvc-dispatcher-servlet': startup date [Thu Aug 20 13:03:29 MSK 2015]; parent: Root WebApplicationContext
2015-08-20 13:03:30,975 INFO  [org.springframework.web.servlet.mvc.method.annotation.RequestMappingHandlerAdapter] Looking for @ControllerAdvice: WebApplicationContext for namespace 'mvc-dispatcher-servlet': startup date [Thu Aug 20 13:03:29 MSK 2015]; parent: Root WebApplicationContext
2015-08-20 13:03:31,157 INFO  [org.springframework.web.servlet.DispatcherServlet] FrameworkServlet 'mvc-dispatcher': initialization completed in 1616 ms
